[20200519 16:37:55.369] [DEBUG] [main] [SpringJUnit4ClassRunner.java:139][<init>] SpringJUnit4ClassRunner constructor called with [class com.jbit.test]
[20200519 16:37:55.580] [DEBUG] [main] [BootstrapUtils.java:96][createCacheAwareContextLoaderDelegate] Instantiating CacheAwareContextLoaderDelegate from class [org.springframework.test.context.cache.DefaultCacheAwareContextLoaderDelegate]
[20200519 16:37:55.779] [DEBUG] [main] [BootstrapUtils.java:79][createBootstrapContext] Instantiating BootstrapContext using constructor [public org.springframework.test.context.support.DefaultBootstrapContext(java.lang.Class,org.springframework.test.context.CacheAwareContextLoaderDelegate)]
[20200519 16:37:56.410] [DEBUG] [main] [BootstrapUtils.java:132][resolveTestContextBootstrapper] Instantiating TestContextBootstrapper for test class [com.jbit.test] from class [org.springframework.test.context.support.DefaultTestContextBootstrapper]
[20200519 16:37:56.926] [DEBUG] [main] [AbstractDelegatingSmartContextLoader.java:263][delegateProcessing] Delegating to GenericXmlContextLoader to process context configuration [ContextConfigurationAttributes@49993335 declaringClass = 'com.jbit.test', classes = '{}', locations = '{classpath:applicationContext.xml}', inheritLocations = true, initializers = '{}', inheritInitializers = true, name = [null], contextLoaderClass = 'org.springframework.test.context.ContextLoader'].
[20200519 16:37:58.082] [DEBUG] [main] [ActiveProfilesUtils.java:79][resolveActiveProfiles] Could not find an 'annotation declaring class' for annotation type [org.springframework.test.context.ActiveProfiles] and class [com.jbit.test]
[20200519 16:37:58.084] [DEBUG] [main] [AbstractTestContextBootstrapper.java:125][getTestExecutionListeners] @TestExecutionListeners is not present for class [com.jbit.test]: using defaults.
[20200519 16:37:58.085] [INFO] [main] [AbstractTestContextBootstrapper.java:248][getDefaultTestExecutionListenerClassNames] Loaded default TestExecutionListener class names from location [META-INF/spring.factories]: [org.springframework.test.context.web.ServletTestExecutionListener, org.springframework.test.context.support.DirtiesContextBeforeModesTestExecutionListener, org.springframework.test.context.support.DependencyInjectionTestExecutionListener, org.springframework.test.context.support.DirtiesContextTestExecutionListener, org.springframework.test.context.transaction.TransactionalTestExecutionListener, org.springframework.test.context.jdbc.SqlScriptsTestExecutionListener, org.springframework.test.context.event.EventPublishingTestExecutionListener]
[20200519 16:37:58.503] [INFO] [main] [AbstractTestContextBootstrapper.java:177][getTestExecutionListeners] Using TestExecutionListeners: [org.springframework.test.context.web.ServletTestExecutionListener@11438d26, org.springframework.test.context.support.DirtiesContextBeforeModesTestExecutionListener@34cd072c, org.springframework.test.context.support.DependencyInjectionTestExecutionListener@7a1ebcd8, org.springframework.test.context.support.DirtiesContextTestExecutionListener@5faeada1, org.springframework.test.context.transaction.TransactionalTestExecutionListener@528931cf, org.springframework.test.context.jdbc.SqlScriptsTestExecutionListener@ea1a8d5, org.springframework.test.context.event.EventPublishingTestExecutionListener@1563da5]
[20200519 16:37:58.505] [DEBUG] [main] [ProfileValueUtils.java:70][retrieveProfileValueSource] Retrieved @ProfileValueSourceConfiguration [null] for test class [com.jbit.test]
[20200519 16:37:58.507] [DEBUG] [main] [ProfileValueUtils.java:83][retrieveProfileValueSource] Retrieved ProfileValueSource type [class org.springframework.test.annotation.SystemProfileValueSource] for class [com.jbit.test]
[20200519 16:37:58.508] [DEBUG] [main] [ProfileValueUtils.java:70][retrieveProfileValueSource] Retrieved @ProfileValueSourceConfiguration [null] for test class [com.jbit.test]
[20200519 16:37:58.508] [DEBUG] [main] [ProfileValueUtils.java:83][retrieveProfileValueSource] Retrieved ProfileValueSource type [class org.springframework.test.annotation.SystemProfileValueSource] for class [com.jbit.test]
[20200519 16:37:58.509] [DEBUG] [main] [ProfileValueUtils.java:70][retrieveProfileValueSource] Retrieved @ProfileValueSourceConfiguration [null] for test class [com.jbit.test]
[20200519 16:37:58.510] [DEBUG] [main] [ProfileValueUtils.java:83][retrieveProfileValueSource] Retrieved ProfileValueSource type [class org.springframework.test.annotation.SystemProfileValueSource] for class [com.jbit.test]
[20200519 16:37:58.609] [DEBUG] [main] [ProfileValueUtils.java:70][retrieveProfileValueSource] Retrieved @ProfileValueSourceConfiguration [null] for test class [com.jbit.test]
[20200519 16:37:58.613] [DEBUG] [main] [ProfileValueUtils.java:83][retrieveProfileValueSource] Retrieved ProfileValueSource type [class org.springframework.test.annotation.SystemProfileValueSource] for class [com.jbit.test]
[20200519 16:37:58.690] [DEBUG] [main] [ProfileValueUtils.java:70][retrieveProfileValueSource] Retrieved @ProfileValueSourceConfiguration [null] for test class [com.jbit.test]
[20200519 16:37:58.691] [DEBUG] [main] [ProfileValueUtils.java:83][retrieveProfileValueSource] Retrieved ProfileValueSource type [class org.springframework.test.annotation.SystemProfileValueSource] for class [com.jbit.test]
[20200519 16:37:58.693] [DEBUG] [main] [ProfileValueUtils.java:70][retrieveProfileValueSource] Retrieved @ProfileValueSourceConfiguration [null] for test class [com.jbit.test]
[20200519 16:37:58.694] [DEBUG] [main] [ProfileValueUtils.java:83][retrieveProfileValueSource] Retrieved ProfileValueSource type [class org.springframework.test.annotation.SystemProfileValueSource] for class [com.jbit.test]
[20200519 16:37:58.758] [DEBUG] [main] [AbstractDirtiesContextTestExecutionListener.java:142][beforeOrAfterTestClass] Before test class: context [DefaultTestContext@45820e51 testClass = test, testInstance = [null], testMethod = [null], testException = [null], mergedContextConfiguration = [MergedContextConfiguration@42d8062c testClass = test, locations = '{classpath:applicationContext.xml}', classes = '{}', contextInitializerClasses = '[]', activeProfiles = '{}', propertySourceLocations = '{}', propertySourceProperties = '{}', contextCustomizers = set[[empty]], contextLoader = 'org.springframework.test.context.support.DelegatingSmartContextLoader', parent = [null]], attributes = map[[empty]]], class annotated with @DirtiesContext [false] with mode [null].
[20200519 16:37:58.792] [DEBUG] [main] [ProfileValueUtils.java:70][retrieveProfileValueSource] Retrieved @ProfileValueSourceConfiguration [null] for test class [com.jbit.test]
[20200519 16:37:58.792] [DEBUG] [main] [ProfileValueUtils.java:83][retrieveProfileValueSource] Retrieved ProfileValueSource type [class org.springframework.test.annotation.SystemProfileValueSource] for class [com.jbit.test]
[20200519 16:37:58.811] [DEBUG] [main] [DependencyInjectionTestExecutionListener.java:81][prepareTestInstance] Performing dependency injection for test context [[DefaultTestContext@45820e51 testClass = test, testInstance = com.jbit.test@5ed828d, testMethod = [null], testException = [null], mergedContextConfiguration = [MergedContextConfiguration@42d8062c testClass = test, locations = '{classpath:applicationContext.xml}', classes = '{}', contextInitializerClasses = '[]', activeProfiles = '{}', propertySourceLocations = '{}', propertySourceProperties = '{}', contextCustomizers = set[[empty]], contextLoader = 'org.springframework.test.context.support.DelegatingSmartContextLoader', parent = [null]], attributes = map[[empty]]]].
[20200519 16:37:58.812] [DEBUG] [main] [AbstractDelegatingSmartContextLoader.java:273][delegateLoading] Delegating to GenericXmlContextLoader to load context from [MergedContextConfiguration@42d8062c testClass = test, locations = '{classpath:applicationContext.xml}', classes = '{}', contextInitializerClasses = '[]', activeProfiles = '{}', propertySourceLocations = '{}', propertySourceProperties = '{}', contextCustomizers = set[[empty]], contextLoader = 'org.springframework.test.context.support.DelegatingSmartContextLoader', parent = [null]].
[20200519 16:37:58.813] [DEBUG] [main] [AbstractGenericContextLoader.java:109][loadContext] Loading ApplicationContext for merged context configuration [[MergedContextConfiguration@42d8062c testClass = test, locations = '{classpath:applicationContext.xml}', classes = '{}', contextInitializerClasses = '[]', activeProfiles = '{}', propertySourceLocations = '{}', propertySourceProperties = '{}', contextCustomizers = set[[empty]], contextLoader = 'org.springframework.test.context.support.DelegatingSmartContextLoader', parent = [null]]].
[20200519 16:37:59.499] [DEBUG] [main] [AbstractEnvironment.java:252][setActiveProfiles] Activating profiles []
[20200519 16:38:20.542] [DEBUG] [main] [ClassPathScanningCandidateComponentProvider.java:435][scanCandidateComponents] Identified candidate component class: file [D:\IdeaProjects\app-mybatis\target\classes\com\jbit\server\DevUserserver.class]
[20200519 16:38:24.182] [DEBUG] [main] [XmlBeanDefinitionReader.java:393][doLoadBeanDefinitions] Loaded 17 bean definitions from class path resource [applicationContext.xml]
[20200519 16:38:24.183] [DEBUG] [main] [AbstractApplicationContext.java:595][prepareRefresh] Refreshing org.springframework.context.support.GenericApplicationContext@43738a82
[20200519 16:38:26.569] [DEBUG] [main] [DefaultSingletonBeanRegistry.java:217][getSingleton] Creating shared instance of singleton bean 'org.springframework.context.annotation.internalConfigurationAnnotationProcessor'
[20200519 16:38:27.231] [DEBUG] [main] [DefaultSingletonBeanRegistry.java:217][getSingleton] Creating shared instance of singleton bean 'tk.mybatis.spring.mapper.MapperScannerConfigurer#0'
[20200519 16:38:27.622] [DEBUG] [main] [ClassPathScanningCandidateComponentProvider.java:435][scanCandidateComponents] Identified candidate component class: file [D:\IdeaProjects\app-mybatis\target\classes\com\jbit\mapper\AdPromotionMapper.class]
[20200519 16:38:27.622] [DEBUG] [main] [ClassPathScanningCandidateComponentProvider.java:435][scanCandidateComponents] Identified candidate component class: file [D:\IdeaProjects\app-mybatis\target\classes\com\jbit\mapper\AppCategoryMapper.class]
[20200519 16:38:27.624] [DEBUG] [main] [ClassPathScanningCandidateComponentProvider.java:435][scanCandidateComponents] Identified candidate component class: file [D:\IdeaProjects\app-mybatis\target\classes\com\jbit\mapper\AppInfoMapper.class]
[20200519 16:38:27.625] [DEBUG] [main] [ClassPathScanningCandidateComponentProvider.java:435][scanCandidateComponents] Identified candidate component class: file [D:\IdeaProjects\app-mybatis\target\classes\com\jbit\mapper\AppVersionMapper.class]
[20200519 16:38:27.626] [DEBUG] [main] [ClassPathScanningCandidateComponentProvider.java:435][scanCandidateComponents] Identified candidate component class: file [D:\IdeaProjects\app-mybatis\target\classes\com\jbit\mapper\BackendUserMapper.class]
[20200519 16:38:27.626] [DEBUG] [main] [ClassPathScanningCandidateComponentProvider.java:435][scanCandidateComponents] Identified candidate component class: file [D:\IdeaProjects\app-mybatis\target\classes\com\jbit\mapper\DataDictionaryMapper.class]
[20200519 16:38:27.627] [DEBUG] [main] [ClassPathScanningCandidateComponentProvider.java:435][scanCandidateComponents] Identified candidate component class: file [D:\IdeaProjects\app-mybatis\target\classes\com\jbit\mapper\DevUserMapper.class]
[20200519 16:38:27.628] [DEBUG] [main] [ClassPathMapperScanner.java:160][processBeanDefinitions] Creating MapperFactoryBean with name 'adPromotionMapper' and 'com.jbit.mapper.AdPromotionMapper' mapperInterface
[20200519 16:38:27.630] [DEBUG] [main] [ClassPathMapperScanner.java:160][processBeanDefinitions] Creating MapperFactoryBean with name 'appCategoryMapper' and 'com.jbit.mapper.AppCategoryMapper' mapperInterface
[20200519 16:38:27.630] [DEBUG] [main] [ClassPathMapperScanner.java:160][processBeanDefinitions] Creating MapperFactoryBean with name 'appInfoMapper' and 'com.jbit.mapper.AppInfoMapper' mapperInterface
[20200519 16:38:27.631] [DEBUG] [main] [ClassPathMapperScanner.java:160][processBeanDefinitions] Creating MapperFactoryBean with name 'appVersionMapper' and 'com.jbit.mapper.AppVersionMapper' mapperInterface
[20200519 16:38:27.632] [DEBUG] [main] [ClassPathMapperScanner.java:160][processBeanDefinitions] Creating MapperFactoryBean with name 'backendUserMapper' and 'com.jbit.mapper.BackendUserMapper' mapperInterface
[20200519 16:38:27.634] [DEBUG] [main] [ClassPathMapperScanner.java:160][processBeanDefinitions] Creating MapperFactoryBean with name 'dataDictionaryMapper' and 'com.jbit.mapper.DataDictionaryMapper' mapperInterface
[20200519 16:38:27.634] [DEBUG] [main] [ClassPathMapperScanner.java:160][processBeanDefinitions] Creating MapperFactoryBean with name 'devUserMapper' and 'com.jbit.mapper.DevUserMapper' mapperInterface
[20200519 16:38:27.854] [DEBUG] [main] [DefaultSingletonBeanRegistry.java:217][getSingleton] Creating shared instance of singleton bean 'org.springframework.beans.factory.config.PropertyPlaceholderConfigurer#0'
[20200519 16:38:27.978] [DEBUG] [main] [DefaultSingletonBeanRegistry.java:217][getSingleton] Creating shared instance of singleton bean 'org.springframework.context.event.internalEventListenerProcessor'
[20200519 16:38:27.999] [DEBUG] [main] [DefaultSingletonBeanRegistry.java:217][getSingleton] Creating shared instance of singleton bean 'org.springframework.context.event.internalEventListenerFactory'
[20200519 16:38:28.002] [DEBUG] [main] [DefaultSingletonBeanRegistry.java:217][getSingleton] Creating shared instance of singleton bean 'org.springframework.transaction.config.internalTransactionalEventListenerFactory'
[20200519 16:38:28.024] [DEBUG] [main] [DefaultSingletonBeanRegistry.java:217][getSingleton] Creating shared instance of singleton bean 'org.springframework.context.annotation.internalAutowiredAnnotationProcessor'
[20200519 16:38:28.028] [DEBUG] [main] [DefaultSingletonBeanRegistry.java:217][getSingleton] Creating shared instance of singleton bean 'org.springframework.context.annotation.internalCommonAnnotationProcessor'
[20200519 16:38:28.316] [DEBUG] [main] [DefaultSingletonBeanRegistry.java:217][getSingleton] Creating shared instance of singleton bean 'org.springframework.context.annotation.internalPersistenceAnnotationProcessor'
[20200519 16:38:28.318] [DEBUG] [main] [DefaultSingletonBeanRegistry.java:217][getSingleton] Creating shared instance of singleton bean 'org.springframework.aop.config.internalAutoProxyCreator'
[20200519 16:38:28.603] [DEBUG] [main] [DefaultSingletonBeanRegistry.java:217][getSingleton] Creating shared instance of singleton bean 'devUserserver'
[20200519 16:38:28.640] [DEBUG] [main] [DefaultSingletonBeanRegistry.java:217][getSingleton] Creating shared instance of singleton bean 'devUserMapper'
[20200519 16:38:28.825] [DEBUG] [main] [DefaultSingletonBeanRegistry.java:217][getSingleton] Creating shared instance of singleton bean 'sessionFactory'
[20200519 16:38:28.939] [DEBUG] [main] [LogFactory.java:105][setImplementation] Logging initialized using 'class org.apache.ibatis.logging.slf4j.Slf4jImpl' adapter.
[20200519 16:38:28.946] [DEBUG] [main] [DefaultSingletonBeanRegistry.java:217][getSingleton] Creating shared instance of singleton bean 'dataSource'
[20200519 16:38:29.989] [DEBUG] [main] [DefaultSingletonBeanRegistry.java:217][getSingleton] Creating shared instance of singleton bean 'org.springframework.transaction.config.internalTransactionAdvisor'
[20200519 16:38:30.036] [DEBUG] [main] [DefaultSingletonBeanRegistry.java:217][getSingleton] Creating shared instance of singleton bean 'org.springframework.transaction.annotation.AnnotationTransactionAttributeSource#0'
[20200519 16:38:30.936] [DEBUG] [main] [Logger.java:49][debug] Property 'configuration' or 'configLocation' not specified, using default MyBatis Configuration
[20200519 16:38:32.352] [DEBUG] [main] [Logger.java:49][debug] Property 'mapperLocations' was not specified.
[20200519 16:38:35.663] [DEBUG] [main] [DefaultSingletonBeanRegistry.java:217][getSingleton] Creating shared instance of singleton bean 'org.springframework.transaction.interceptor.TransactionInterceptor#0'
[20200519 16:38:35.743] [DEBUG] [main] [DefaultSingletonBeanRegistry.java:217][getSingleton] Creating shared instance of singleton bean 'transactionManager'
[20200519 16:38:35.759] [DEBUG] [main] [DefaultSingletonBeanRegistry.java:217][getSingleton] Creating shared instance of singleton bean 'adPromotionMapper'
[20200519 16:38:35.939] [DEBUG] [main] [DefaultSingletonBeanRegistry.java:217][getSingleton] Creating shared instance of singleton bean 'appCategoryMapper'
[20200519 16:38:36.002] [DEBUG] [main] [DefaultSingletonBeanRegistry.java:217][getSingleton] Creating shared instance of singleton bean 'appInfoMapper'
[20200519 16:38:36.115] [DEBUG] [main] [DefaultSingletonBeanRegistry.java:217][getSingleton] Creating shared instance of singleton bean 'appVersionMapper'
[20200519 16:38:36.220] [DEBUG] [main] [DefaultSingletonBeanRegistry.java:217][getSingleton] Creating shared instance of singleton bean 'backendUserMapper'
[20200519 16:38:36.314] [DEBUG] [main] [DefaultSingletonBeanRegistry.java:217][getSingleton] Creating shared instance of singleton bean 'dataDictionaryMapper'
[20200519 16:38:36.621] [DEBUG] [main] [DefaultCacheAwareContextLoaderDelegate.java:126][loadContext] Storing ApplicationContext [1131645570] in cache under key [[MergedContextConfiguration@42d8062c testClass = test, locations = '{classpath:applicationContext.xml}', classes = '{}', contextInitializerClasses = '[]', activeProfiles = '{}', propertySourceLocations = '{}', propertySourceProperties = '{}', contextCustomizers = set[[empty]], contextLoader = 'org.springframework.test.context.support.DelegatingSmartContextLoader', parent = [null]]]
[20200519 16:38:36.622] [DEBUG] [main] [DefaultContextCache.java:290][logStatistics] Spring test ApplicationContext cache statistics: [DefaultContextCache@6af9fcb2 size = 1, maxSize = 32, parentContextCount = 0, hitCount = 0, missCount = 1]
[20200519 16:38:36.625] [DEBUG] [main] [DefaultCacheAwareContextLoaderDelegate.java:137][loadContext] Retrieved ApplicationContext [1131645570] from cache with key [[MergedContextConfiguration@42d8062c testClass = test, locations = '{classpath:applicationContext.xml}', classes = '{}', contextInitializerClasses = '[]', activeProfiles = '{}', propertySourceLocations = '{}', propertySourceProperties = '{}', contextCustomizers = set[[empty]], contextLoader = 'org.springframework.test.context.support.DelegatingSmartContextLoader', parent = [null]]]
[20200519 16:38:36.625] [DEBUG] [main] [DefaultContextCache.java:290][logStatistics] Spring test ApplicationContext cache statistics: [DefaultContextCache@6af9fcb2 size = 1, maxSize = 32, parentContextCount = 0, hitCount = 1, missCount = 1]
[20200519 16:38:36.632] [DEBUG] [main] [AbstractDirtiesContextTestExecutionListener.java:107][beforeOrAfterTestMethod] Before test method: context [DefaultTestContext@45820e51 testClass = test, testInstance = com.jbit.test@5ed828d, testMethod = test@test, testException = [null], mergedContextConfiguration = [MergedContextConfiguration@42d8062c testClass = test, locations = '{classpath:applicationContext.xml}', classes = '{}', contextInitializerClasses = '[]', activeProfiles = '{}', propertySourceLocations = '{}', propertySourceProperties = '{}', contextCustomizers = set[[empty]], contextLoader = 'org.springframework.test.context.support.DelegatingSmartContextLoader', parent = [null]], attributes = map[[empty]]], class annotated with @DirtiesContext [false] with mode [null], method annotated with @DirtiesContext [false] with mode [null].
[20200519 16:38:36.639] [DEBUG] [main] [DefaultCacheAwareContextLoaderDelegate.java:137][loadContext] Retrieved ApplicationContext [1131645570] from cache with key [[MergedContextConfiguration@42d8062c testClass = test, locations = '{classpath:applicationContext.xml}', classes = '{}', contextInitializerClasses = '[]', activeProfiles = '{}', propertySourceLocations = '{}', propertySourceProperties = '{}', contextCustomizers = set[[empty]], contextLoader = 'org.springframework.test.context.support.DelegatingSmartContextLoader', parent = [null]]]
[20200519 16:38:36.640] [DEBUG] [main] [DefaultContextCache.java:290][logStatistics] Spring test ApplicationContext cache statistics: [DefaultContextCache@6af9fcb2 size = 1, maxSize = 32, parentContextCount = 0, hitCount = 2, missCount = 1]
[20200519 16:38:36.641] [DEBUG] [main] [DefaultCacheAwareContextLoaderDelegate.java:137][loadContext] Retrieved ApplicationContext [1131645570] from cache with key [[MergedContextConfiguration@42d8062c testClass = test, locations = '{classpath:applicationContext.xml}', classes = '{}', contextInitializerClasses = '[]', activeProfiles = '{}', propertySourceLocations = '{}', propertySourceProperties = '{}', contextCustomizers = set[[empty]], contextLoader = 'org.springframework.test.context.support.DelegatingSmartContextLoader', parent = [null]]]
[20200519 16:38:36.643] [DEBUG] [main] [DefaultContextCache.java:290][logStatistics] Spring test ApplicationContext cache statistics: [DefaultContextCache@6af9fcb2 size = 1, maxSize = 32, parentContextCount = 0, hitCount = 3, missCount = 1]
[20200519 16:38:36.885] [DEBUG] [main] [Logger.java:49][debug] Creating a new SqlSession
[20200519 16:38:36.908] [DEBUG] [main] [Logger.java:49][debug] Registering transaction synchronization for SqlSession [org.apache.ibatis.session.defaults.DefaultSqlSession@5460cf3a]
[20200519 16:38:37.317] [DEBUG] [main] [DataSourceUtils.java:115][doGetConnection] Fetching JDBC Connection from DataSource
[20200519 16:38:40.822] [INFO] [main] [DruidDataSource.java:994][init] {dataSource-1} inited
[20200519 16:38:42.952] [DEBUG] [main] [Logger.java:49][debug] JDBC Connection [com.mysql.jdbc.JDBC4Connection@70a36a66] will be managed by Spring
[20200519 16:38:42.968] [DEBUG] [main] [BaseJdbcLogger.java:143][debug] ==>  Preparing: SELECT id,devCode,devName,devPassword,devEmail,devInfo,createdBy,creationDate,modifyBy,modifyDate FROM dev_user WHERE devCode = ? AND devPassword = ? 
[20200519 16:38:43.005] [DEBUG] [main] [BaseJdbcLogger.java:143][debug] ==> Parameters: test001(String), 123456(String)
[20200519 16:38:43.187] [DEBUG] [main] [BaseJdbcLogger.java:143][debug] <==      Total: 1
[20200519 16:38:43.192] [DEBUG] [main] [Logger.java:49][debug] Releasing transactional SqlSession [org.apache.ibatis.session.defaults.DefaultSqlSession@5460cf3a]
[20200519 16:38:43.195] [DEBUG] [main] [Logger.java:49][debug] Transaction synchronization deregistering SqlSession [org.apache.ibatis.session.defaults.DefaultSqlSession@5460cf3a]
[20200519 16:38:43.196] [DEBUG] [main] [Logger.java:49][debug] Transaction synchronization closing SqlSession [org.apache.ibatis.session.defaults.DefaultSqlSession@5460cf3a]
[20200519 16:38:43.282] [DEBUG] [main] [DefaultCacheAwareContextLoaderDelegate.java:137][loadContext] Retrieved ApplicationContext [1131645570] from cache with key [[MergedContextConfiguration@42d8062c testClass = test, locations = '{classpath:applicationContext.xml}', classes = '{}', contextInitializerClasses = '[]', activeProfiles = '{}', propertySourceLocations = '{}', propertySourceProperties = '{}', contextCustomizers = set[[empty]], contextLoader = 'org.springframework.test.context.support.DelegatingSmartContextLoader', parent = [null]]]
[20200519 16:38:43.284] [DEBUG] [main] [DefaultContextCache.java:290][logStatistics] Spring test ApplicationContext cache statistics: [DefaultContextCache@6af9fcb2 size = 1, maxSize = 32, parentContextCount = 0, hitCount = 4, missCount = 1]
[20200519 16:38:43.287] [DEBUG] [main] [DefaultCacheAwareContextLoaderDelegate.java:137][loadContext] Retrieved ApplicationContext [1131645570] from cache with key [[MergedContextConfiguration@42d8062c testClass = test, locations = '{classpath:applicationContext.xml}', classes = '{}', contextInitializerClasses = '[]', activeProfiles = '{}', propertySourceLocations = '{}', propertySourceProperties = '{}', contextCustomizers = set[[empty]], contextLoader = 'org.springframework.test.context.support.DelegatingSmartContextLoader', parent = [null]]]
[20200519 16:38:43.288] [DEBUG] [main] [DefaultContextCache.java:290][logStatistics] Spring test ApplicationContext cache statistics: [DefaultContextCache@6af9fcb2 size = 1, maxSize = 32, parentContextCount = 0, hitCount = 5, missCount = 1]
[20200519 16:38:43.290] [DEBUG] [main] [AbstractDirtiesContextTestExecutionListener.java:107][beforeOrAfterTestMethod] After test method: context [DefaultTestContext@45820e51 testClass = test, testInstance = com.jbit.test@5ed828d, testMethod = test@test, testException = [null], mergedContextConfiguration = [MergedContextConfiguration@42d8062c testClass = test, locations = '{classpath:applicationContext.xml}', classes = '{}', contextInitializerClasses = '[]', activeProfiles = '{}', propertySourceLocations = '{}', propertySourceProperties = '{}', contextCustomizers = set[[empty]], contextLoader = 'org.springframework.test.context.support.DelegatingSmartContextLoader', parent = [null]], attributes = map[[empty]]], class annotated with @DirtiesContext [false] with mode [null], method annotated with @DirtiesContext [false] with mode [null].
[20200519 16:38:43.295] [DEBUG] [main] [DefaultCacheAwareContextLoaderDelegate.java:137][loadContext] Retrieved ApplicationContext [1131645570] from cache with key [[MergedContextConfiguration@42d8062c testClass = test, locations = '{classpath:applicationContext.xml}', classes = '{}', contextInitializerClasses = '[]', activeProfiles = '{}', propertySourceLocations = '{}', propertySourceProperties = '{}', contextCustomizers = set[[empty]], contextLoader = 'org.springframework.test.context.support.DelegatingSmartContextLoader', parent = [null]]]
[20200519 16:38:43.295] [DEBUG] [main] [DefaultContextCache.java:290][logStatistics] Spring test ApplicationContext cache statistics: [DefaultContextCache@6af9fcb2 size = 1, maxSize = 32, parentContextCount = 0, hitCount = 6, missCount = 1]
[20200519 16:38:43.296] [DEBUG] [main] [AbstractDirtiesContextTestExecutionListener.java:142][beforeOrAfterTestClass] After test class: context [DefaultTestContext@45820e51 testClass = test, testInstance = [null], testMethod = [null], testException = [null], mergedContextConfiguration = [MergedContextConfiguration@42d8062c testClass = test, locations = '{classpath:applicationContext.xml}', classes = '{}', contextInitializerClasses = '[]', activeProfiles = '{}', propertySourceLocations = '{}', propertySourceProperties = '{}', contextCustomizers = set[[empty]], contextLoader = 'org.springframework.test.context.support.DelegatingSmartContextLoader', parent = [null]], attributes = map[[empty]]], class annotated with @DirtiesContext [false] with mode [null].
[20200519 16:38:43.301] [DEBUG] [SpringContextShutdownHook] [AbstractApplicationContext.java:1005][doClose] Closing org.springframework.context.support.GenericApplicationContext@43738a82, started on Tue May 19 16:38:24 CST 2020
[20200519 16:38:43.306] [INFO] [SpringContextShutdownHook] [DruidDataSource.java:2029][close] {dataSource-1} closing ...
[20200519 16:38:43.988] [INFO] [SpringContextShutdownHook] [DruidDataSource.java:2101][close] {dataSource-1} closed
